Flow report for Embed
Wed May 27 11:26:04 2026
Quartus Prime Version 16.1.0 Build 196 10/24/2016 SJ Lite Edition


---------------------
; Table of Contents ;
---------------------
  1. Legal Notice
  2. Flow Summary
  3. Flow Settings
  4. Flow Non-Default Global Settings
  5. Flow Elapsed Time
  6. Flow OS Summary
  7. Flow Log
  8. Flow Messages
  9. Flow Suppressed Messages



----------------
; Legal Notice ;
----------------
Copyright (C) 2016  Intel Corporation. All rights reserved.
Your use of Intel Corporation's design tools, logic functions 
and other software and tools, and its AMPP partner logic 
functions, and any output files from any of the foregoing 
(including device programming or simulation files), and any 
associated documentation or information are expressly subject 
to the terms and conditions of the Intel Program License 
Subscription Agreement, the Intel Quartus Prime License Agreement,
the Intel MegaCore Function License Agreement, or other 
applicable license agreement, including, without limitation, 
that your use is for the sole purpose of programming logic 
devices manufactured by Intel and sold by Intel or its 
authorized distributors.  Please refer to the applicable 
agreement for further details.



+----------------------------------------------------------------------------------+
; Flow Summary                                                                     ;
+------------------------------------+---------------------------------------------+
; Flow Status                        ; Successful - Wed May 27 11:25:53 2026       ;
; Quartus Prime Version              ; 16.1.0 Build 196 10/24/2016 SJ Lite Edition ;
; Revision Name                      ; Embed                                       ;
; Top-level Entity Name              ; DE10_LITE_Default                           ;
; Family                             ; MAX 10                                      ;
; Device                             ; 10M50DAF484C6GES                            ;
; Timing Models                      ; Preliminary                                 ;
; Total logic elements               ; 10,962 / 49,760 ( 22 % )                    ;
;     Total combinational functions  ; 9,107 / 49,760 ( 18 % )                     ;
;     Dedicated logic registers      ; 6,918 / 49,760 ( 14 % )                     ;
; Total registers                    ; 6987                                        ;
; Total pins                         ; 185 / 360 ( 51 % )                          ;
; Total virtual pins                 ; 0                                           ;
; Total memory bits                  ; 759,232 / 1,677,312 ( 45 % )                ;
; Embedded Multiplier 9-bit elements ; 6 / 288 ( 2 % )                             ;
; Total PLLs                         ; 3 / 4 ( 75 % )                              ;
; UFM blocks                         ; 1 / 1 ( 100 % )                             ;
; ADC blocks                         ; 1 / 2 ( 50 % )                              ;
+------------------------------------+---------------------------------------------+


+-----------------------------------------+
; Flow Settings                           ;
+-------------------+---------------------+
; Option            ; Setting             ;
+-------------------+---------------------+
; Start date & time ; 05/27/2026 11:21:56 ;
; Main task         ; Compilation         ;
; Revision Name     ; Embed               ;
+-------------------+---------------------+


+-----------------------------------------------------------------------------------------------------------------------------------------------------------------------------------------+
; Flow Non-Default Global Settings                                                                                                                                                        ;
+-------------------------------------+------------------------------------------------------------------------------------------------+---------------+---------------------+------------+
; Assignment Name                     ; Value                                                                                          ; Default Value ; Entity Name         ; Section Id ;
+-------------------------------------+------------------------------------------------------------------------------------------------+---------------+---------------------+------------+
; COMPILER_SIGNATURE_ID               ; 123719800198546.177989891522464                                                                ; --            ; --                  ; --         ;
; MAX_CORE_JUNCTION_TEMP              ; 85                                                                                             ; --            ; --                  ; --         ;
; MESSAGE_DISABLE                     ; 332060                                                                                         ; --            ; altera_onchip_flash ; --         ;
; MIN_CORE_JUNCTION_TEMP              ; 0                                                                                              ; --            ; --                  ; --         ;
; MISC_FILE                           ; Embed/simulation/../../Embed.qsys                                                              ; --            ; --                  ; --         ;
; MISC_FILE                           ; Embed/simulation/Embed.v                                                                       ; --            ; --                  ; --         ;
; MISC_FILE                           ; Embed/simulation/submodules/altera_reset_controller.v                                          ; --            ; --                  ; --         ;
; MISC_FILE                           ; Embed/simulation/submodules/altera_reset_synchronizer.v                                        ; --            ; --                  ; --         ;
; MISC_FILE                           ; Embed/simulation/submodules/altera_reset_controller.sdc                                        ; --            ; --                  ; --         ;
; MISC_FILE                           ; Embed/simulation/submodules/altera_irq_clock_crosser.sv                                        ; --            ; --                  ; --         ;
; MISC_FILE                           ; Embed/simulation/submodules/Embed_irq_mapper.sv                                                ; --            ; --                  ; --         ;
; MISC_FILE                           ; Embed/simulation/submodules/Embed_mm_interconnect_1.v                                          ; --            ; --                  ; --         ;
; MISC_FILE                           ; Embed/simulation/submodules/Embed_mm_interconnect_0_avalon_st_adapter.v                        ; --            ; --                  ; --         ;
; MISC_FILE                           ; Embed/simulation/submodules/Embed_mm_interconnect_0_avalon_st_adapter_error_adapter_0.sv       ; --            ; --                  ; --         ;
; MISC_FILE                           ; Embed/simulation/submodules/Embed_mm_interconnect_1_rsp_mux.sv                                 ; --            ; --                  ; --         ;
; MISC_FILE                           ; Embed/simulation/submodules/altera_merlin_arbitrator.sv                                        ; --            ; --                  ; --         ;
; MISC_FILE                           ; Embed/simulation/submodules/Embed_mm_interconnect_1_rsp_demux.sv                               ; --            ; --                  ; --         ;
; MISC_FILE                           ; Embed/simulation/submodules/Embed_mm_interconnect_1_cmd_mux.sv                                 ; --            ; --                  ; --         ;
; MISC_FILE                           ; Embed/simulation/submodules/Embed_mm_interconnect_1_cmd_demux.sv                               ; --            ; --                  ; --         ;
; MISC_FILE                           ; Embed/simulation/submodules/altera_merlin_traffic_limiter.sv                                   ; --            ; --                  ; --         ;
; MISC_FILE                           ; Embed/simulation/submodules/altera_merlin_reorder_memory.sv                                    ; --            ; --                  ; --         ;
; MISC_FILE                           ; Embed/simulation/submodules/altera_avalon_sc_fifo.v                                            ; --            ; --                  ; --         ;
; MISC_FILE                           ; Embed/simulation/submodules/altera_avalon_st_pipeline_base.v                                   ; --            ; --                  ; --         ;
; MISC_FILE                           ; Embed/simulation/submodules/Embed_mm_interconnect_1_router_001.sv                              ; --            ; --                  ; --         ;
; MISC_FILE                           ; Embed/simulation/submodules/Embed_mm_interconnect_1_router.sv                                  ; --            ; --                  ; --         ;
; MISC_FILE                           ; Embed/simulation/submodules/altera_merlin_slave_agent.sv                                       ; --            ; --                  ; --         ;
; MISC_FILE                           ; Embed/simulation/submodules/altera_merlin_burst_uncompressor.sv                                ; --            ; --                  ; --         ;
; MISC_FILE                           ; Embed/simulation/submodules/altera_merlin_master_agent.sv                                      ; --            ; --                  ; --         ;
; MISC_FILE                           ; Embed/simulation/submodules/altera_merlin_slave_translator.sv                                  ; --            ; --                  ; --         ;
; MISC_FILE                           ; Embed/simulation/submodules/altera_merlin_master_translator.sv                                 ; --            ; --                  ; --         ;
; MISC_FILE                           ; Embed/simulation/submodules/Embed_mm_interconnect_0.v                                          ; --            ; --                  ; --         ;
; MISC_FILE                           ; Embed/simulation/submodules/Embed_mm_interconnect_0_avalon_st_adapter_004.v                    ; --            ; --                  ; --         ;
; MISC_FILE                           ; Embed/simulation/submodules/Embed_mm_interconnect_0_avalon_st_adapter_004_error_adapter_0.sv   ; --            ; --                  ; --         ;
; MISC_FILE                           ; Embed/simulation/submodules/altera_avalon_st_handshake_clock_crosser.v                         ; --            ; --                  ; --         ;
; MISC_FILE                           ; Embed/simulation/submodules/altera_avalon_st_clock_crosser.v                                   ; --            ; --                  ; --         ;
; MISC_FILE                           ; Embed/simulation/submodules/altera_std_synchronizer_nocut.v                                    ; --            ; --                  ; --         ;
; MISC_FILE                           ; Embed/simulation/submodules/altera_avalon_st_handshake_clock_crosser.sdc                       ; --            ; --                  ; --         ;
; MISC_FILE                           ; Embed/simulation/submodules/altera_merlin_width_adapter.sv                                     ; --            ; --                  ; --         ;
; MISC_FILE                           ; Embed/simulation/submodules/altera_merlin_address_alignment.sv                                 ; --            ; --                  ; --         ;
; MISC_FILE                           ; Embed/simulation/submodules/Embed_mm_interconnect_0_rsp_mux_002.sv                             ; --            ; --                  ; --         ;
; MISC_FILE                           ; Embed/simulation/submodules/Embed_mm_interconnect_0_rsp_mux_001.sv                             ; --            ; --                  ; --         ;
; MISC_FILE                           ; Embed/simulation/submodules/Embed_mm_interconnect_0_rsp_mux.sv                                 ; --            ; --                  ; --         ;
; MISC_FILE                           ; Embed/simulation/submodules/Embed_mm_interconnect_0_rsp_demux_010.sv                           ; --            ; --                  ; --         ;
; MISC_FILE                           ; Embed/simulation/submodules/Embed_mm_interconnect_0_rsp_demux_006.sv                           ; --            ; --                  ; --         ;
; MISC_FILE                           ; Embed/simulation/submodules/Embed_mm_interconnect_0_rsp_demux_001.sv                           ; --            ; --                  ; --         ;
; MISC_FILE                           ; Embed/simulation/submodules/Embed_mm_interconnect_0_rsp_demux.sv                               ; --            ; --                  ; --         ;
; MISC_FILE                           ; Embed/simulation/submodules/Embed_mm_interconnect_0_cmd_mux_001.sv                             ; --            ; --                  ; --         ;
; MISC_FILE                           ; Embed/simulation/submodules/Embed_mm_interconnect_0_cmd_mux.sv                                 ; --            ; --                  ; --         ;
; MISC_FILE                           ; Embed/simulation/submodules/Embed_mm_interconnect_0_cmd_demux_002.sv                           ; --            ; --                  ; --         ;
; MISC_FILE                           ; Embed/simulation/submodules/Embed_mm_interconnect_0_cmd_demux_001.sv                           ; --            ; --                  ; --         ;
; MISC_FILE                           ; Embed/simulation/submodules/Embed_mm_interconnect_0_cmd_demux.sv                               ; --            ; --                  ; --         ;
; MISC_FILE                           ; Embed/simulation/submodules/altera_merlin_burst_adapter.sv                                     ; --            ; --                  ; --         ;
; MISC_FILE                           ; Embed/simulation/submodules/altera_merlin_burst_adapter_uncmpr.sv                              ; --            ; --                  ; --         ;
; MISC_FILE                           ; Embed/simulation/submodules/altera_merlin_burst_adapter_13_1.sv                                ; --            ; --                  ; --         ;
; MISC_FILE                           ; Embed/simulation/submodules/altera_merlin_burst_adapter_new.sv                                 ; --            ; --                  ; --         ;
; MISC_FILE                           ; Embed/simulation/submodules/altera_incr_burst_converter.sv                                     ; --            ; --                  ; --         ;
; MISC_FILE                           ; Embed/simulation/submodules/altera_wrap_burst_converter.sv                                     ; --            ; --                  ; --         ;
; MISC_FILE                           ; Embed/simulation/submodules/altera_default_burst_converter.sv                                  ; --            ; --                  ; --         ;
; MISC_FILE                           ; Embed/simulation/submodules/altera_avalon_st_pipeline_stage.sv                                 ; --            ; --                  ; --         ;
; MISC_FILE                           ; Embed/simulation/submodules/Embed_mm_interconnect_0_router_013.sv                              ; --            ; --                  ; --         ;
; MISC_FILE                           ; Embed/simulation/submodules/Embed_mm_interconnect_0_router_009.sv                              ; --            ; --                  ; --         ;
; MISC_FILE                           ; Embed/simulation/submodules/Embed_mm_interconnect_0_router_007.sv                              ; --            ; --                  ; --         ;
; MISC_FILE                           ; Embed/simulation/submodules/Embed_mm_interconnect_0_router_004.sv                              ; --            ; --                  ; --         ;
; MISC_FILE                           ; Embed/simulation/submodules/Embed_mm_interconnect_0_router_003.sv                              ; --            ; --                  ; --         ;
; MISC_FILE                           ; Embed/simulation/submodules/Embed_mm_interconnect_0_router_002.sv                              ; --            ; --                  ; --         ;
; MISC_FILE                           ; Embed/simulation/submodules/Embed_mm_interconnect_0_router_001.sv                              ; --            ; --                  ; --         ;
; MISC_FILE                           ; Embed/simulation/submodules/Embed_mm_interconnect_0_router.sv                                  ; --            ; --                  ; --         ;
; MISC_FILE                           ; Embed/simulation/submodules/Embed_timer_0.v                                                    ; --            ; --                  ; --         ;
; MISC_FILE                           ; Embed/simulation/submodules/Embed_sysid.v                                                      ; --            ; --                  ; --         ;
; MISC_FILE                           ; Embed/simulation/submodules/Embed_spi_0.v                                                      ; --            ; --                  ; --         ;
; MISC_FILE                           ; Embed/simulation/submodules/Embed_slide_pio.v                                                  ; --            ; --                  ; --         ;
; MISC_FILE                           ; Embed/simulation/submodules/Embed_sdram.v                                                      ; --            ; --                  ; --         ;
; MISC_FILE                           ; Embed/simulation/submodules/Embed_sdram_test_component.v                                       ; --            ; --                  ; --         ;
; MISC_FILE                           ; Embed/simulation/submodules/Embed_onchip_ram.hex                                               ; --            ; --                  ; --         ;
; MISC_FILE                           ; Embed/simulation/submodules/Embed_onchip_ram.v                                                 ; --            ; --                  ; --         ;
; MISC_FILE                           ; Embed/simulation/submodules/altera_onchip_flash_util.v                                         ; --            ; --                  ; --         ;
; MISC_FILE                           ; Embed/simulation/submodules/altera_onchip_flash.v                                              ; --            ; --                  ; --         ;
; MISC_FILE                           ; Embed/simulation/submodules/altera_onchip_flash_avmm_data_controller.v                         ; --            ; --                  ; --         ;
; MISC_FILE                           ; Embed/simulation/submodules/altera_onchip_flash_avmm_csr_controller.v                          ; --            ; --                  ; --         ;
; MISC_FILE                           ; Embed/simulation/submodules/Embed_nios2_gen2_0.v                                               ; --            ; --                  ; --         ;
; MISC_FILE                           ; Embed/simulation/submodules/Embed_nios2_gen2_0_cpu.sdc                                         ; --            ; --                  ; --         ;
; MISC_FILE                           ; Embed/simulation/submodules/Embed_nios2_gen2_0_cpu.vo                                          ; --            ; --                  ; --         ;
; MISC_FILE                           ; Embed/simulation/submodules/Embed_nios2_gen2_0_cpu_bht_ram.dat                                 ; --            ; --                  ; --         ;
; MISC_FILE                           ; Embed/simulation/submodules/Embed_nios2_gen2_0_cpu_bht_ram.hex                                 ; --            ; --                  ; --         ;
; MISC_FILE                           ; Embed/simulation/submodules/Embed_nios2_gen2_0_cpu_bht_ram.mif                                 ; --            ; --                  ; --         ;
; MISC_FILE                           ; Embed/simulation/submodules/Embed_nios2_gen2_0_cpu_dc_tag_ram.dat                              ; --            ; --                  ; --         ;
; MISC_FILE                           ; Embed/simulation/submodules/Embed_nios2_gen2_0_cpu_dc_tag_ram.hex                              ; --            ; --                  ; --         ;
; MISC_FILE                           ; Embed/simulation/submodules/Embed_nios2_gen2_0_cpu_dc_tag_ram.mif                              ; --            ; --                  ; --         ;
; MISC_FILE                           ; Embed/simulation/submodules/Embed_nios2_gen2_0_cpu_debug_slave_sysclk.v                        ; --            ; --                  ; --         ;
; MISC_FILE                           ; Embed/simulation/submodules/Embed_nios2_gen2_0_cpu_debug_slave_tck.v                           ; --            ; --                  ; --         ;
; MISC_FILE                           ; Embed/simulation/submodules/Embed_nios2_gen2_0_cpu_debug_slave_wrapper.v                       ; --            ; --                  ; --         ;
; MISC_FILE                           ; Embed/simulation/submodules/Embed_nios2_gen2_0_cpu_ic_tag_ram.dat                              ; --            ; --                  ; --         ;
; MISC_FILE                           ; Embed/simulation/submodules/Embed_nios2_gen2_0_cpu_ic_tag_ram.hex                              ; --            ; --                  ; --         ;
; MISC_FILE                           ; Embed/simulation/submodules/Embed_nios2_gen2_0_cpu_ic_tag_ram.mif                              ; --            ; --                  ; --         ;
; MISC_FILE                           ; Embed/simulation/submodules/Embed_nios2_gen2_0_cpu_mult_cell.v                                 ; --            ; --                  ; --         ;
; MISC_FILE                           ; Embed/simulation/submodules/Embed_nios2_gen2_0_cpu_nios2_waves.do                              ; --            ; --                  ; --         ;
; MISC_FILE                           ; Embed/simulation/submodules/Embed_nios2_gen2_0_cpu_ociram_default_contents.dat                 ; --            ; --                  ; --         ;
; MISC_FILE                           ; Embed/simulation/submodules/Embed_nios2_gen2_0_cpu_ociram_default_contents.hex                 ; --            ; --                  ; --         ;
; MISC_FILE                           ; Embed/simulation/submodules/Embed_nios2_gen2_0_cpu_ociram_default_contents.mif                 ; --            ; --                  ; --         ;
; MISC_FILE                           ; Embed/simulation/submodules/Embed_nios2_gen2_0_cpu_rf_ram_a.dat                                ; --            ; --                  ; --         ;
; MISC_FILE                           ; Embed/simulation/submodules/Embed_nios2_gen2_0_cpu_rf_ram_a.hex                                ; --            ; --                  ; --         ;
; MISC_FILE                           ; Embed/simulation/submodules/Embed_nios2_gen2_0_cpu_rf_ram_a.mif                                ; --            ; --                  ; --         ;
; MISC_FILE                           ; Embed/simulation/submodules/Embed_nios2_gen2_0_cpu_rf_ram_b.dat                                ; --            ; --                  ; --         ;
; MISC_FILE                           ; Embed/simulation/submodules/Embed_nios2_gen2_0_cpu_rf_ram_b.hex                                ; --            ; --                  ; --         ;
; MISC_FILE                           ; Embed/simulation/submodules/Embed_nios2_gen2_0_cpu_rf_ram_b.mif                                ; --            ; --                  ; --         ;
; MISC_FILE                           ; Embed/simulation/submodules/Embed_nios2_gen2_0_cpu_test_bench.v                                ; --            ; --                  ; --         ;
; MISC_FILE                           ; Embed/simulation/submodules/Embed_modular_adc_0.v                                              ; --            ; --                  ; --         ;
; MISC_FILE                           ; Embed/simulation/submodules/Embed_modular_adc_0_avalon_st_adapter_001.v                        ; --            ; --                  ; --         ;
; MISC_FILE                           ; Embed/simulation/submodules/Embed_modular_adc_0_avalon_st_adapter_001_timing_adapter_1.sv      ; --            ; --                  ; --         ;
; MISC_FILE                           ; Embed/simulation/submodules/Embed_modular_adc_0_avalon_st_adapter_001_timing_adapter_0.sv      ; --            ; --                  ; --         ;
; MISC_FILE                           ; Embed/simulation/submodules/Embed_modular_adc_0_avalon_st_adapter_001_data_format_adapter_0.sv ; --            ; --                  ; --         ;
; MISC_FILE                           ; Embed/simulation/submodules/Embed_modular_adc_0_avalon_st_adapter.v                            ; --            ; --                  ; --         ;
; MISC_FILE                           ; Embed/simulation/submodules/Embed_modular_adc_0_avalon_st_adapter_timing_adapter_1.sv          ; --            ; --                  ; --         ;
; MISC_FILE                           ; Embed/simulation/submodules/Embed_modular_adc_0_avalon_st_adapter_timing_adapter_0.sv          ; --            ; --                  ; --         ;
; MISC_FILE                           ; Embed/simulation/submodules/Embed_modular_adc_0_avalon_st_adapter_data_format_adapter_0.sv     ; --            ; --                  ; --         ;
; MISC_FILE                           ; Embed/simulation/submodules/altera_avalon_st_splitter.sv                                       ; --            ; --                  ; --         ;
; MISC_FILE                           ; Embed/simulation/submodules/altera_modular_adc_sample_store.v                                  ; --            ; --                  ; --         ;
; MISC_FILE                           ; Embed/simulation/submodules/altera_modular_adc_sample_store_ram.v                              ; --            ; --                  ; --         ;
; MISC_FILE                           ; Embed/simulation/submodules/altera_modular_adc_sequencer.v                                     ; --            ; --                  ; --         ;
; MISC_FILE                           ; Embed/simulation/submodules/altera_modular_adc_sequencer_csr.v                                 ; --            ; --                  ; --         ;
; MISC_FILE                           ; Embed/simulation/submodules/altera_modular_adc_sequencer_ctrl.v                                ; --            ; --                  ; --         ;
; MISC_FILE                           ; Embed/simulation/submodules/Embed_modular_adc_0_adc_monitor_internal.v                         ; --            ; --                  ; --         ;
; MISC_FILE                           ; Embed/simulation/submodules/altera_trace_monitor_endpoint_wrapper.sv                           ; --            ; --                  ; --         ;
; MISC_FILE                           ; Embed/simulation/submodules/altera_trace_adc_monitor_core.sv                                   ; --            ; --                  ; --         ;
; MISC_FILE                           ; Embed/simulation/submodules/altera_trace_adc_monitor_wa_inst.v                                 ; --            ; --                  ; --         ;
; MISC_FILE                           ; Embed/simulation/submodules/altera_trace_adc_monitor_wa.sv                                     ; --            ; --                  ; --         ;
; MISC_FILE                           ; Embed/simulation/submodules/altera_modular_adc_control.v                                       ; --            ; --                  ; --         ;
; MISC_FILE                           ; Embed/simulation/submodules/altera_modular_adc_control_avrg_fifo.v                             ; --            ; --                  ; --         ;
; MISC_FILE                           ; Embed/simulation/submodules/altera_modular_adc_control_fsm.v                                   ; --            ; --                  ; --         ;
; MISC_FILE                           ; Embed/simulation/submodules/chsel_code_converter_sw_to_hw.v                                    ; --            ; --                  ; --         ;
; MISC_FILE                           ; Embed/simulation/submodules/fiftyfivenm_adcblock_primitive_wrapper.v                           ; --            ; --                  ; --         ;
; MISC_FILE                           ; Embed/simulation/submodules/fiftyfivenm_adcblock_top_wrapper.v                                 ; --            ; --                  ; --         ;
; MISC_FILE                           ; Embed/simulation/submodules/altera_avalon_mm_clock_crossing_bridge.v                           ; --            ; --                  ; --         ;
; MISC_FILE                           ; Embed/simulation/submodules/altera_avalon_dc_fifo.v                                            ; --            ; --                  ; --         ;
; MISC_FILE                           ; Embed/simulation/submodules/altera_dcfifo_synchronizer_bundle.v                                ; --            ; --                  ; --         ;
; MISC_FILE                           ; Embed/simulation/submodules/Embed_master_0.v                                                   ; --            ; --                  ; --         ;
; MISC_FILE                           ; Embed/simulation/submodules/Embed_master_0_p2b_adapter.sv                                      ; --            ; --                  ; --         ;
; MISC_FILE                           ; Embed/simulation/submodules/Embed_master_0_b2p_adapter.sv                                      ; --            ; --                  ; --         ;
; MISC_FILE                           ; Embed/simulation/submodules/altera_avalon_packets_to_master.v                                  ; --            ; --                  ; --         ;
; MISC_FILE                           ; Embed/simulation/submodules/altera_avalon_st_packets_to_bytes.v                                ; --            ; --                  ; --         ;
; MISC_FILE                           ; Embed/simulation/submodules/altera_avalon_st_bytes_to_packets.v                                ; --            ; --                  ; --         ;
; MISC_FILE                           ; Embed/simulation/submodules/Embed_master_0_timing_adt.sv                                       ; --            ; --                  ; --         ;
; MISC_FILE                           ; Embed/simulation/submodules/altera_avalon_st_jtag_interface.v                                  ; --            ; --                  ; --         ;
; MISC_FILE                           ; Embed/simulation/submodules/altera_jtag_dc_streaming.v                                         ; --            ; --                  ; --         ;
; MISC_FILE                           ; Embed/simulation/submodules/altera_jtag_sld_node.v                                             ; --            ; --                  ; --         ;
; MISC_FILE                           ; Embed/simulation/submodules/altera_jtag_streaming.v                                            ; --            ; --                  ; --         ;
; MISC_FILE                           ; Embed/simulation/submodules/altera_avalon_st_idle_remover.v                                    ; --            ; --                  ; --         ;
; MISC_FILE                           ; Embed/simulation/submodules/altera_avalon_st_idle_inserter.v                                   ; --            ; --                  ; --         ;
; MISC_FILE                           ; Embed/simulation/submodules/altera_avalon_st_jtag_interface.sdc                                ; --            ; --                  ; --         ;
; MISC_FILE                           ; Embed/simulation/submodules/Embed_led_pio.v                                                    ; --            ; --                  ; --         ;
; MISC_FILE                           ; Embed/simulation/submodules/Embed_jtag_uart.v                                                  ; --            ; --                  ; --         ;
; MISC_FILE                           ; Embed/simulation/submodules/Embed_altpll_1.vo                                                  ; --            ; --                  ; --         ;
; MISC_FILE                           ; Embed/simulation/submodules/Embed_altpll_0.vo                                                  ; --            ; --                  ; --         ;
; MISC_FILE                           ; Embed/synthesis/../Embed.cmp                                                                   ; --            ; --                  ; --         ;
; MISC_FILE                           ; Embed/synthesis/../../Embed.qsys                                                               ; --            ; --                  ; --         ;
; MISC_FILE                           ; VGA_DATA/Img_RAM.bsf                                                                           ; --            ; --                  ; --         ;
; MISC_FILE                           ; VGA_Audio_PLL_bb.v                                                                             ; --            ; --                  ; --         ;
; MISC_FILE                           ; VGA_Audio_PLL.ppf                                                                              ; --            ; --                  ; --         ;
; OUTPUT_IO_TIMING_FAR_END_VMEAS      ; Half Signal Swing                                                                              ; --            ; --                  ; --         ;
; OUTPUT_IO_TIMING_FAR_END_VMEAS      ; Half Signal Swing                                                                              ; --            ; --                  ; --         ;
; OUTPUT_IO_TIMING_NEAR_END_VMEAS     ; Half Vccio                                                                                     ; --            ; --                  ; --         ;
; OUTPUT_IO_TIMING_NEAR_END_VMEAS     ; Half Vccio                                                                                     ; --            ; --                  ; --         ;
; PARTITION_COLOR                     ; -- (Not supported for targeted family)                                                         ; --            ; DE10_LITE_Default   ; Top        ;
; PARTITION_FITTER_PRESERVATION_LEVEL ; -- (Not supported for targeted family)                                                         ; --            ; DE10_LITE_Default   ; Top        ;
; PARTITION_NETLIST_TYPE              ; -- (Not supported for targeted family)                                                         ; --            ; DE10_LITE_Default   ; Top        ;
; POWER_BOARD_THERMAL_MODEL           ; None (CONSERVATIVE)                                                                            ; --            ; --                  ; --         ;
; POWER_PRESET_COOLING_SOLUTION       ; 23 MM HEAT SINK WITH 200 LFPM AIRFLOW                                                          ; --            ; --                  ; --         ;
; SLD_FILE                            ; Embed/synthesis/Embed.regmap                                                                   ; --            ; --                  ; --         ;
; SLD_FILE                            ; Embed/synthesis/Embed.debuginfo                                                                ; --            ; --                  ; --         ;
; SLD_INFO                            ; QSYS_NAME Embed HAS_SOPCINFO 1 GENERATION_ID 1779817915                                        ; --            ; --                  ; --         ;
; SOPCINFO_FILE                       ; Embed/synthesis/../../Embed.sopcinfo                                                           ; --            ; --                  ; --         ;
; SPD_FILE                            ; Embed/simulation/../Embed.spd                                                                  ; --            ; --                  ; --         ;
; SYNTHESIS_ONLY_QIP                  ; On                                                                                             ; --            ; --                  ; --         ;
; TOP_LEVEL_ENTITY                    ; DE10_LITE_Default                                                                              ; Embed         ; --                  ; --         ;
+-------------------------------------+------------------------------------------------------------------------------------------------+---------------+---------------------+------------+


+-------------------------------------------------------------------------------------------------------------------------------+
; Flow Elapsed Time                                                                                                             ;
+---------------------------+--------------+-------------------------+---------------------+------------------------------------+
; Module Name               ; Elapsed Time ; Average Processors Used ; Peak Virtual Memory ; Total CPU Time (on all processors) ;
+---------------------------+--------------+-------------------------+---------------------+------------------------------------+
; Analysis & Synthesis      ; 00:02:13     ; 1.0                     ; 5222 MB             ; 00:02:43                           ;
; Fitter                    ; 00:01:28     ; 1.9                     ; 6880 MB             ; 00:03:33                           ;
; Assembler                 ; 00:00:04     ; 1.0                     ; 4748 MB             ; 00:00:04                           ;
; TimeQuest Timing Analyzer ; 00:00:10     ; 3.1                     ; 5113 MB             ; 00:00:25                           ;
; Total                     ; 00:03:55     ; --                      ; --                  ; 00:06:45                           ;
+---------------------------+--------------+-------------------------+---------------------+------------------------------------+


+-----------------------------------------------------------------------------------------+
; Flow OS Summary                                                                         ;
+---------------------------+------------------+------------+------------+----------------+
; Module Name               ; Machine Hostname ; OS Name    ; OS Version ; Processor type ;
+---------------------------+------------------+------------+------------+----------------+
; Analysis & Synthesis      ; Augie            ; Windows 10 ; 10.0       ; x86_64         ;
; Fitter                    ; Augie            ; Windows 10 ; 10.0       ; x86_64         ;
; Assembler                 ; Augie            ; Windows 10 ; 10.0       ; x86_64         ;
; TimeQuest Timing Analyzer ; Augie            ; Windows 10 ; 10.0       ; x86_64         ;
+---------------------------+------------------+------------+------------+----------------+


------------
; Flow Log ;
------------
quartus_map --read_settings_files=on --write_settings_files=off Embed -c Embed
quartus_fit --read_settings_files=off --write_settings_files=off Embed -c Embed
quartus_asm --read_settings_files=off --write_settings_files=off Embed -c Embed
quartus_sta Embed -c Embed



