Info: Starting: Create block symbol file (.bsf)
Info: qsys-generate C:\AlteraPrj\DE10liteEmbed\unsaved.qsys --block-symbol-file --output-directory=C:\AlteraPrj\DE10liteEmbed\Embed --family="MAX 10" --part=10M50DAF484C6GES
Progress: Loading DE10liteEmbed/unsaved.qsys
Progress: Reading input file
Progress: Adding altpll_0 [altpll 16.1]
Progress: Parameterizing module altpll_0
Progress: Adding altpll_1 [altpll 16.1]
Progress: Parameterizing module altpll_1
Progress: Adding clk_0 [clock_source 16.1]
Progress: Parameterizing module clk_0
Progress: Adding clk_1 [clock_source 16.1]
Progress: Parameterizing module clk_1
Progress: Adding jtag_uart_0 [altera_avalon_jtag_uart 16.1]
Progress: Parameterizing module jtag_uart_0
Progress: Adding led_pio [altera_avalon_pio 16.1]
Progress: Parameterizing module led_pio
Progress: Adding master_0 [altera_jtag_avalon_master 16.1]
Progress: Parameterizing module master_0
Progress: Adding mm_clock_crossing_bridge_0 [altera_avalon_mm_clock_crossing_bridge 16.1]
Progress: Parameterizing module mm_clock_crossing_bridge_0
Progress: Adding modular_adc_0 [altera_modular_adc 16.1]
Progress: Parameterizing module modular_adc_0
Progress: Adding nios2_gen2_0 [altera_nios2_gen2 16.1]
Progress: Parameterizing module nios2_gen2_0
Progress: Adding onchip_flash_0 [altera_onchip_flash 16.1]
Progress: Parameterizing module onchip_flash_0
Progress: Adding onchip_memory2_0 [altera_avalon_onchip_memory2 16.1]
Progress: Parameterizing module onchip_memory2_0
Progress: Adding sdram [altera_avalon_new_sdram_controller 16.1]
Progress: Parameterizing module sdram
Progress: Adding slide_pio [altera_avalon_pio 16.1]
Progress: Parameterizing module slide_pio
Progress: Adding spi_0 [altera_avalon_spi 16.1]
Progress: Parameterizing module spi_0
Progress: Adding sysid [altera_avalon_sysid_qsys 16.1]
Progress: Parameterizing module sysid
Progress: Adding timer_0 [altera_avalon_timer 16.1]
Progress: Parameterizing module timer_0
Progress: Building connections
Progress: Parameterizing connections
Progress: Validating
Progress: Done reading input file
Warning: unsaved.jtag_uart_0: JTAG UART IP input clock need to be at least double (2x) the operating frequency of JTAG TCK on board
Info: unsaved.modular_adc_0.control_internal.response/st_splitter_internal.in: The sink has a empty signal of 1 bits, but the source does not. Avalon-ST Adapter will be inserted.
Info: unsaved.modular_adc_0.st_splitter_internal.out0/sample_store_internal.response: The source has a empty signal of 1 bits, but the sink does not. Avalon-ST Adapter will be inserted.
Info: unsaved.modular_adc_0.st_splitter_internal.out1/adc_monitor_internal.adc_data: The source has a empty signal of 1 bits, but the sink does not. Avalon-ST Adapter will be inserted.
Info: unsaved.sdram: SDRAM Controller will only be supported in Quartus Prime Standard Edition in the future release.
Info: unsaved.sysid: System ID is not assigned automatically. Edit the System ID parameter to provide a unique ID
Info: unsaved.sysid: Time stamp will be automatically updated when this component is generated.
Warning: unsaved.jtag_uart_0: Interrupt sender jtag_uart_0.irq is not connected to an interrupt receiver
Warning: unsaved.slide_pio: Interrupt sender slide_pio.irq is not connected to an interrupt receiver
Warning: unsaved.timer_0: Interrupt sender timer_0.irq is not connected to an interrupt receiver
Warning: unsaved.master_0: master_0.master must be connected to an Avalon-MM slave
Warning: unsaved.mm_clock_crossing_bridge_0: mm_clock_crossing_bridge_0.s0 must be connected to an Avalon-MM master
Warning: unsaved.modular_adc_0: modular_adc_0.sequencer_csr must be connected to an Avalon-MM master
Warning: unsaved.modular_adc_0: modular_adc_0.sample_store_csr must be connected to an Avalon-MM master
Info: qsys-generate succeeded.
Info: Finished: Create block symbol file (.bsf)
Info: 
Info: Starting: Create HDL design files for synthesis
Info: qsys-generate C:\AlteraPrj\DE10liteEmbed\unsaved.qsys --synthesis=VERILOG --output-directory=C:\AlteraPrj\DE10liteEmbed\Embed\synthesis --family="MAX 10" --part=10M50DAF484C6GES
Progress: Loading DE10liteEmbed/unsaved.qsys
Progress: Reading input file
Progress: Adding altpll_0 [altpll 16.1]
Progress: Parameterizing module altpll_0
Progress: Adding altpll_1 [altpll 16.1]
Progress: Parameterizing module altpll_1
Progress: Adding clk_0 [clock_source 16.1]
Progress: Parameterizing module clk_0
Progress: Adding clk_1 [clock_source 16.1]
Progress: Parameterizing module clk_1
Progress: Adding jtag_uart_0 [altera_avalon_jtag_uart 16.1]
Progress: Parameterizing module jtag_uart_0
Progress: Adding led_pio [altera_avalon_pio 16.1]
Progress: Parameterizing module led_pio
Progress: Adding master_0 [altera_jtag_avalon_master 16.1]
Progress: Parameterizing module master_0
Progress: Adding mm_clock_crossing_bridge_0 [altera_avalon_mm_clock_crossing_bridge 16.1]
Progress: Parameterizing module mm_clock_crossing_bridge_0
Progress: Adding modular_adc_0 [altera_modular_adc 16.1]
Progress: Parameterizing module modular_adc_0
Progress: Adding nios2_gen2_0 [altera_nios2_gen2 16.1]
Progress: Parameterizing module nios2_gen2_0
Progress: Adding onchip_flash_0 [altera_onchip_flash 16.1]
Progress: Parameterizing module onchip_flash_0
Progress: Adding onchip_memory2_0 [altera_avalon_onchip_memory2 16.1]
Progress: Parameterizing module onchip_memory2_0
Progress: Adding sdram [altera_avalon_new_sdram_controller 16.1]
Progress: Parameterizing module sdram
Progress: Adding slide_pio [altera_avalon_pio 16.1]
Progress: Parameterizing module slide_pio
Progress: Adding spi_0 [altera_avalon_spi 16.1]
Progress: Parameterizing module spi_0
Progress: Adding sysid [altera_avalon_sysid_qsys 16.1]
Progress: Parameterizing module sysid
Progress: Adding timer_0 [altera_avalon_timer 16.1]
Progress: Parameterizing module timer_0
Progress: Building connections
Progress: Parameterizing connections
Progress: Validating
Progress: Done reading input file
Warning: unsaved.jtag_uart_0: JTAG UART IP input clock need to be at least double (2x) the operating frequency of JTAG TCK on board
Info: unsaved.modular_adc_0.control_internal.response/st_splitter_internal.in: The sink has a empty signal of 1 bits, but the source does not. Avalon-ST Adapter will be inserted.
Info: unsaved.modular_adc_0.st_splitter_internal.out0/sample_store_internal.response: The source has a empty signal of 1 bits, but the sink does not. Avalon-ST Adapter will be inserted.
Info: unsaved.modular_adc_0.st_splitter_internal.out1/adc_monitor_internal.adc_data: The source has a empty signal of 1 bits, but the sink does not. Avalon-ST Adapter will be inserted.
Info: unsaved.sdram: SDRAM Controller will only be supported in Quartus Prime Standard Edition in the future release.
Info: unsaved.sysid: System ID is not assigned automatically. Edit the System ID parameter to provide a unique ID
Info: unsaved.sysid: Time stamp will be automatically updated when this component is generated.
Warning: unsaved.jtag_uart_0: Interrupt sender jtag_uart_0.irq is not connected to an interrupt receiver
Warning: unsaved.slide_pio: Interrupt sender slide_pio.irq is not connected to an interrupt receiver
Warning: unsaved.timer_0: Interrupt sender timer_0.irq is not connected to an interrupt receiver
Warning: unsaved.master_0: master_0.master must be connected to an Avalon-MM slave
Warning: unsaved.mm_clock_crossing_bridge_0: mm_clock_crossing_bridge_0.s0 must be connected to an Avalon-MM master
Warning: unsaved.modular_adc_0: modular_adc_0.sequencer_csr must be connected to an Avalon-MM master
Warning: unsaved.modular_adc_0: modular_adc_0.sample_store_csr must be connected to an Avalon-MM master
Info: unsaved: Generating unsaved "unsaved" for QUARTUS_SYNTH
Info: Inserting clock-crossing logic between cmd_demux_001.src4 and cmd_mux_006.sink0
Info: Inserting clock-crossing logic between cmd_demux_001.src5 and cmd_mux_007.sink0
Info: Inserting clock-crossing logic between rsp_demux_006.src0 and rsp_mux_001.sink4
Info: Inserting clock-crossing logic between rsp_demux_007.src0 and rsp_mux_001.sink5
Info: altpll_0: "unsaved" instantiated altpll "altpll_0"
Info: altpll_1: "unsaved" instantiated altpll "altpll_1"
Info: jtag_uart_0: Starting RTL generation for module 'unsaved_jtag_uart_0'
Info: jtag_uart_0:   Generation command is [exec C:/intelfpga_lite/16.1/quartus/bin64/perl/bin/perl.exe -I C:/intelfpga_lite/16.1/quartus/bin64/perl/lib -I C:/intelfpga_lite/16.1/quartus/sopc_builder/bin/europa -I C:/intelfpga_lite/16.1/quartus/sopc_builder/bin/perl_lib -I C:/intelfpga_lite/16.1/quartus/sopc_builder/bin -I C:/intelfpga_lite/16.1/quartus/../ip/altera/sopc_builder_ip/common -I C:/intelfpga_lite/16.1/quartus/../ip/altera/sopc_builder_ip/altera_avalon_jtag_uart -- C:/intelfpga_lite/16.1/quartus/../ip/altera/sopc_builder_ip/altera_avalon_jtag_uart/generate_rtl.pl --name=unsaved_jtag_uart_0 --dir=C:/Users/Augie/AppData/Local/Temp/alt0595_2345945940511536491.dir/0005_jtag_uart_0_gen/ --quartus_dir=C:/intelfpga_lite/16.1/quartus --verilog --config=C:/Users/Augie/AppData/Local/Temp/alt0595_2345945940511536491.dir/0005_jtag_uart_0_gen//unsaved_jtag_uart_0_component_configuration.pl  --do_build_sim=0  ]
Info: jtag_uart_0: Done RTL generation for module 'unsaved_jtag_uart_0'
Info: jtag_uart_0: "unsaved" instantiated altera_avalon_jtag_uart "jtag_uart_0"
Info: led_pio: Starting RTL generation for module 'unsaved_led_pio'
Info: led_pio:   Generation command is [exec C:/intelfpga_lite/16.1/quartus/bin64/perl/bin/perl.exe -I C:/intelfpga_lite/16.1/quartus/bin64/perl/lib -I C:/intelfpga_lite/16.1/quartus/sopc_builder/bin/europa -I C:/intelfpga_lite/16.1/quartus/sopc_builder/bin/perl_lib -I C:/intelfpga_lite/16.1/quartus/sopc_builder/bin -I C:/intelfpga_lite/16.1/quartus/../ip/altera/sopc_builder_ip/common -I C:/intelfpga_lite/16.1/quartus/../ip/altera/sopc_builder_ip/altera_avalon_pio -- C:/intelfpga_lite/16.1/quartus/../ip/altera/sopc_builder_ip/altera_avalon_pio/generate_rtl.pl --name=unsaved_led_pio --dir=C:/Users/Augie/AppData/Local/Temp/alt0595_2345945940511536491.dir/0006_led_pio_gen/ --quartus_dir=C:/intelfpga_lite/16.1/quartus --verilog --config=C:/Users/Augie/AppData/Local/Temp/alt0595_2345945940511536491.dir/0006_led_pio_gen//unsaved_led_pio_component_configuration.pl  --do_build_sim=0  ]
Info: led_pio: Done RTL generation for module 'unsaved_led_pio'
Info: led_pio: "unsaved" instantiated altera_avalon_pio "led_pio"
Info: master_0: "unsaved" instantiated altera_jtag_avalon_master "master_0"
Info: mm_clock_crossing_bridge_0: "unsaved" instantiated altera_avalon_mm_clock_crossing_bridge "mm_clock_crossing_bridge_0"
Info: avalon_st_adapter: Inserting data_format_adapter: data_format_adapter_0
Info: avalon_st_adapter: Inserting timing_adapter: timing_adapter_0
Info: avalon_st_adapter: Inserting timing_adapter: timing_adapter_1
Info: avalon_st_adapter_001: Inserting data_format_adapter: data_format_adapter_0
Info: avalon_st_adapter_001: Inserting timing_adapter: timing_adapter_0
Info: avalon_st_adapter_001: Inserting timing_adapter: timing_adapter_1
Info: avalon_st_adapter_002: Inserting data_format_adapter: data_format_adapter_0
Info: avalon_st_adapter_002: Inserting timing_adapter: timing_adapter_0
Info: avalon_st_adapter_002: Inserting timing_adapter: timing_adapter_1
Info: modular_adc_0: "unsaved" instantiated altera_modular_adc "modular_adc_0"
Info: nios2_gen2_0: "unsaved" instantiated altera_nios2_gen2 "nios2_gen2_0"
Info: onchip_flash_0: Generating top-level entity altera_onchip_flash
Info: onchip_flash_0: "unsaved" instantiated altera_onchip_flash "onchip_flash_0"
Info: onchip_memory2_0: Starting RTL generation for module 'unsaved_onchip_memory2_0'
Info: onchip_memory2_0:   Generation command is [exec C:/intelfpga_lite/16.1/quartus/bin64/perl/bin/perl.exe -I C:/intelfpga_lite/16.1/quartus/bin64/perl/lib -I C:/intelfpga_lite/16.1/quartus/sopc_builder/bin/europa -I C:/intelfpga_lite/16.1/quartus/sopc_builder/bin/perl_lib -I C:/intelfpga_lite/16.1/quartus/sopc_builder/bin -I C:/intelfpga_lite/16.1/quartus/../ip/altera/sopc_builder_ip/common -I C:/intelfpga_lite/16.1/quartus/../ip/altera/sopc_builder_ip/altera_avalon_onchip_memory2 -- C:/intelfpga_lite/16.1/quartus/../ip/altera/sopc_builder_ip/altera_avalon_onchip_memory2/generate_rtl.pl --name=unsaved_onchip_memory2_0 --dir=C:/Users/Augie/AppData/Local/Temp/alt0595_2345945940511536491.dir/0009_onchip_memory2_0_gen/ --quartus_dir=C:/intelfpga_lite/16.1/quartus --verilog --config=C:/Users/Augie/AppData/Local/Temp/alt0595_2345945940511536491.dir/0009_onchip_memory2_0_gen//unsaved_onchip_memory2_0_component_configuration.pl  --do_build_sim=0  ]
Info: onchip_memory2_0: Done RTL generation for module 'unsaved_onchip_memory2_0'
Info: onchip_memory2_0: "unsaved" instantiated altera_avalon_onchip_memory2 "onchip_memory2_0"
Info: sdram: Starting RTL generation for module 'unsaved_sdram'
Info: sdram:   Generation command is [exec C:/intelfpga_lite/16.1/quartus/bin64/perl/bin/perl.exe -I C:/intelfpga_lite/16.1/quartus/bin64/perl/lib -I C:/intelfpga_lite/16.1/quartus/sopc_builder/bin/europa -I C:/intelfpga_lite/16.1/quartus/sopc_builder/bin/perl_lib -I C:/intelfpga_lite/16.1/quartus/sopc_builder/bin -I C:/intelfpga_lite/16.1/quartus/../ip/altera/sopc_builder_ip/common -I C:/intelfpga_lite/16.1/quartus/../ip/altera/sopc_builder_ip/altera_avalon_new_sdram_controller -- C:/intelfpga_lite/16.1/quartus/../ip/altera/sopc_builder_ip/altera_avalon_new_sdram_controller/generate_rtl.pl --name=unsaved_sdram --dir=C:/Users/Augie/AppData/Local/Temp/alt0595_2345945940511536491.dir/0010_sdram_gen/ --quartus_dir=C:/intelfpga_lite/16.1/quartus --verilog --config=C:/Users/Augie/AppData/Local/Temp/alt0595_2345945940511536491.dir/0010_sdram_gen//unsaved_sdram_component_configuration.pl  --do_build_sim=0  ]
Info: sdram: Done RTL generation for module 'unsaved_sdram'
Info: sdram: "unsaved" instantiated altera_avalon_new_sdram_controller "sdram"
Info: slide_pio: Starting RTL generation for module 'unsaved_slide_pio'
Info: slide_pio:   Generation command is [exec C:/intelfpga_lite/16.1/quartus/bin64/perl/bin/perl.exe -I C:/intelfpga_lite/16.1/quartus/bin64/perl/lib -I C:/intelfpga_lite/16.1/quartus/sopc_builder/bin/europa -I C:/intelfpga_lite/16.1/quartus/sopc_builder/bin/perl_lib -I C:/intelfpga_lite/16.1/quartus/sopc_builder/bin -I C:/intelfpga_lite/16.1/quartus/../ip/altera/sopc_builder_ip/common -I C:/intelfpga_lite/16.1/quartus/../ip/altera/sopc_builder_ip/altera_avalon_pio -- C:/intelfpga_lite/16.1/quartus/../ip/altera/sopc_builder_ip/altera_avalon_pio/generate_rtl.pl --name=unsaved_slide_pio --dir=C:/Users/Augie/AppData/Local/Temp/alt0595_2345945940511536491.dir/0011_slide_pio_gen/ --quartus_dir=C:/intelfpga_lite/16.1/quartus --verilog --config=C:/Users/Augie/AppData/Local/Temp/alt0595_2345945940511536491.dir/0011_slide_pio_gen//unsaved_slide_pio_component_configuration.pl  --do_build_sim=0  ]
Info: slide_pio: Done RTL generation for module 'unsaved_slide_pio'
Info: slide_pio: "unsaved" instantiated altera_avalon_pio "slide_pio"
Info: spi_0: Starting RTL generation for module 'unsaved_spi_0'
Info: spi_0:   Generation command is [exec C:/intelfpga_lite/16.1/quartus/bin64/perl/bin/perl.exe -I C:/intelfpga_lite/16.1/quartus/bin64/perl/lib -I C:/intelfpga_lite/16.1/quartus/sopc_builder/bin/europa -I C:/intelfpga_lite/16.1/quartus/sopc_builder/bin/perl_lib -I C:/intelfpga_lite/16.1/quartus/sopc_builder/bin -I C:/intelfpga_lite/16.1/quartus/../ip/altera/sopc_builder_ip/common -I C:/intelfpga_lite/16.1/quartus/../ip/altera/sopc_builder_ip/altera_avalon_spi -- C:/intelfpga_lite/16.1/quartus/../ip/altera/sopc_builder_ip/altera_avalon_spi/generate_rtl.pl --name=unsaved_spi_0 --dir=C:/Users/Augie/AppData/Local/Temp/alt0595_2345945940511536491.dir/0012_spi_0_gen/ --quartus_dir=C:/intelfpga_lite/16.1/quartus --verilog --config=C:/Users/Augie/AppData/Local/Temp/alt0595_2345945940511536491.dir/0012_spi_0_gen//unsaved_spi_0_component_configuration.pl  --do_build_sim=0  ]
Info: spi_0: Done RTL generation for module 'unsaved_spi_0'
Info: spi_0: "unsaved" instantiated altera_avalon_spi "spi_0"
Info: sysid: "unsaved" instantiated altera_avalon_sysid_qsys "sysid"
Info: timer_0: Starting RTL generation for module 'unsaved_timer_0'
Info: timer_0:   Generation command is [exec C:/intelFPGA_lite/16.1/quartus/bin64//perl/bin/perl.exe -I C:/intelFPGA_lite/16.1/quartus/bin64//perl/lib -I C:/intelfpga_lite/16.1/quartus/sopc_builder/bin/europa -I C:/intelfpga_lite/16.1/quartus/sopc_builder/bin/perl_lib -I C:/intelfpga_lite/16.1/quartus/sopc_builder/bin -I C:/intelfpga_lite/16.1/quartus/../ip/altera/sopc_builder_ip/common -I C:/intelfpga_lite/16.1/quartus/../ip/altera/sopc_builder_ip/altera_avalon_timer -- C:/intelfpga_lite/16.1/quartus/../ip/altera/sopc_builder_ip/altera_avalon_timer/generate_rtl.pl --name=unsaved_timer_0 --dir=C:/Users/Augie/AppData/Local/Temp/alt0595_2345945940511536491.dir/0014_timer_0_gen/ --quartus_dir=C:/intelfpga_lite/16.1/quartus --verilog --config=C:/Users/Augie/AppData/Local/Temp/alt0595_2345945940511536491.dir/0014_timer_0_gen//unsaved_timer_0_component_configuration.pl  --do_build_sim=0  ]
Info: timer_0: Done RTL generation for module 'unsaved_timer_0'
Info: timer_0: "unsaved" instantiated altera_avalon_timer "timer_0"
Info: avalon_st_adapter: Inserting error_adapter: error_adapter_0
Info: avalon_st_adapter_001: Inserting error_adapter: error_adapter_0
Info: avalon_st_adapter_002: Inserting error_adapter: error_adapter_0
Info: avalon_st_adapter_003: Inserting error_adapter: error_adapter_0
Info: avalon_st_adapter_004: Inserting error_adapter: error_adapter_0
Info: avalon_st_adapter_005: Inserting error_adapter: error_adapter_0
Info: avalon_st_adapter_006: Inserting error_adapter: error_adapter_0
Info: avalon_st_adapter_007: Inserting error_adapter: error_adapter_0
Info: mm_interconnect_0: "unsaved" instantiated altera_mm_interconnect "mm_interconnect_0"
Info: avalon_st_adapter: Inserting error_adapter: error_adapter_0
Info: avalon_st_adapter_001: Inserting error_adapter: error_adapter_0
Info: avalon_st_adapter_002: Inserting error_adapter: error_adapter_0
Info: avalon_st_adapter_003: Inserting error_adapter: error_adapter_0
Info: avalon_st_adapter_004: Inserting error_adapter: error_adapter_0
Info: mm_interconnect_1: "unsaved" instantiated altera_mm_interconnect "mm_interconnect_1"
Info: irq_mapper: "unsaved" instantiated altera_irq_mapper "irq_mapper"
Info: irq_synchronizer: "unsaved" instantiated altera_irq_clock_crosser "irq_synchronizer"
Info: rst_controller: "unsaved" instantiated altera_reset_controller "rst_controller"
Info: jtag_phy_embedded_in_jtag_master: "master_0" instantiated altera_jtag_dc_streaming "jtag_phy_embedded_in_jtag_master"
Info: Reusing file C:/AlteraPrj/DE10liteEmbed/Embed/synthesis/submodules/altera_std_synchronizer_nocut.v
Info: timing_adt: "master_0" instantiated timing_adapter "timing_adt"
Info: fifo: "master_0" instantiated altera_avalon_sc_fifo "fifo"
Info: b2p: "master_0" instantiated altera_avalon_st_bytes_to_packets "b2p"
Info: p2b: "master_0" instantiated altera_avalon_st_packets_to_bytes "p2b"
Info: transacto: "master_0" instantiated altera_avalon_packets_to_master "transacto"
Info: b2p_adapter: "master_0" instantiated channel_adapter "b2p_adapter"
Info: p2b_adapter: "master_0" instantiated channel_adapter "p2b_adapter"
Info: control_internal: "modular_adc_0" instantiated altera_modular_adc_control "control_internal"
Info: adc_monitor_internal: "modular_adc_0" instantiated altera_trace_adc_monitor "adc_monitor_internal"
Info: sequencer_internal: "modular_adc_0" instantiated altera_modular_adc_sequencer "sequencer_internal"
Info: sample_store_internal: "modular_adc_0" instantiated altera_modular_adc_sample_store "sample_store_internal"
Info: st_splitter_internal: "modular_adc_0" instantiated altera_avalon_st_splitter "st_splitter_internal"
Info: avalon_st_adapter: "modular_adc_0" instantiated altera_avalon_st_adapter "avalon_st_adapter"
Info: avalon_st_adapter_001: "modular_adc_0" instantiated altera_avalon_st_adapter "avalon_st_adapter_001"
Info: cpu: Starting RTL generation for module 'unsaved_nios2_gen2_0_cpu'
Info: cpu:   Generation command is [exec C:/intelFPGA_lite/16.1/quartus/bin64//eperlcmd.exe -I C:/intelFPGA_lite/16.1/quartus/bin64//perl/lib -I C:/intelfpga_lite/16.1/quartus/sopc_builder/bin/europa -I C:/intelfpga_lite/16.1/quartus/sopc_builder/bin/perl_lib -I C:/intelfpga_lite/16.1/quartus/sopc_builder/bin -I C:/intelfpga_lite/16.1/quartus/../ip/altera/nios2_ip/altera_nios2_gen2/cpu_lib -I C:/intelfpga_lite/16.1/quartus/../ip/altera/nios2_ip/altera_nios2_gen2/nios_lib -I C:/intelfpga_lite/16.1/quartus/../ip/altera/nios2_ip/altera_nios2_gen2 -I C:/intelfpga_lite/16.1/quartus/../ip/altera/nios2_ip/altera_nios2_gen2 -- C:/intelfpga_lite/16.1/quartus/../ip/altera/nios2_ip/altera_nios2_gen2/generate_rtl.epl --name=unsaved_nios2_gen2_0_cpu --dir=C:/Users/Augie/AppData/Local/Temp/alt0595_2345945940511536491.dir/0030_cpu_gen/ --quartus_bindir=C:/intelFPGA_lite/16.1/quartus/bin64/ --verilog --config=C:/Users/Augie/AppData/Local/Temp/alt0595_2345945940511536491.dir/0030_cpu_gen//unsaved_nios2_gen2_0_cpu_processor_configuration.pl  --do_build_sim=0  ]
Info: cpu: Error starting the process ([C:/intelFPGA_lite/16.1/quartus/bin64//eperlcmd.exe, -I, C:/intelFPGA_lite/16.1/quartus/bin64//perl/lib, -I, C:/intelfpga_lite/16.1/quartus/sopc_builder/bin/europa, -I, C:/intelfpga_lite/16.1/quartus/sopc_builder/bin/perl_lib, -I, C:/intelfpga_lite/16.1/quartus/sopc_builder/bin, -I, C:/intelfpga_lite/16.1/quartus/../ip/altera/nios2_ip/altera_nios2_gen2/cpu_lib, -I, C:/intelfpga_lite/16.1/quartus/../ip/altera/nios2_ip/altera_nios2_gen2/nios_lib, -I, C:/intelfpga_lite/16.1/quartus/../ip/altera/nios2_ip/altera_nios2_gen2, -I, C:/intelfpga_lite/16.1/quartus/../ip/altera/nios2_ip/altera_nios2_gen2, --, C:/intelfpga_lite/16.1/quartus/../ip/altera/nios2_ip/altera_nios2_gen2/generate_rtl.epl, --name=unsaved_nios2_gen2_0_cpu, --dir=C:/Users/Augie/AppData/Local/Temp/alt0595_2345945940511536491.dir/0030_cpu_gen/, --quartus_bindir=C:/intelFPGA_lite/16.1/quartus/bin64/, --verilog, --config=C:/Users/Augie/AppData/Local/Temp/alt0595_2345945940511536491.dir/0030_cpu_gen//unsaved_nios2_gen2_0_cpu_processor_configuration.pl, --do_build_sim=0]): Cannot run program "C:\intelFPGA_lite\16.1\quartus\bin64\eperlcmd.exe" (in directory "C:\intelFPGA_lite\16.1\ip\altera\nios2_ip\altera_nios2_gen2"): CreateProcess error=5, Access is denied
Info: cpu: 
Error: cpu: Failed to generate module unsaved_nios2_gen2_0_cpu
Info: cpu: Done RTL generation for module 'unsaved_nios2_gen2_0_cpu'
Info: cpu: "nios2_gen2_0" instantiated altera_nios2_gen2_unit "cpu"
Error: Generation stopped, 128 or more modules remaining
Info: unsaved: Done "unsaved" with 75 modules, 67 files
Error: qsys-generate failed with exit code 1: 2 Errors, 8 Warnings
Info: Finished: Create HDL design files for synthesis
